make all --print-data-base --no-builtin-variables --no-builtin-rules --question
make: *** No rule to make target 'all'.  Stop.

# GNU Make 4.2.1
# Built for x86_64-pc-linux-gnu
# Copyright (C) 1988-2016 Free Software Foundation, Inc.
# License GPLv3+: GNU GPL version 3 or later <http://gnu.org/licenses/gpl.html>
# This is free software: you are free to change and redistribute it.
# There is NO WARRANTY, to the extent permitted by law.

# Make data base, printed on Wed Aug 10 06:34:41 2022

# Variables

# makefile (from 'Makefile', line 280)
QEMUGDB = $(shell if $(QEMU) -help | grep -q '^-gdb'; then echo "-gdb tcp::$(GDBPORT)"; else echo "-s -p $(GDBPORT)"; fi)
# automatic
<D = $(patsubst %/,%,$(dir $<))
# automatic
?F = $(notdir $?)
# default
.SHELLFLAGS := -c
# makefile (from 'Makefile', line 81)
QEMU = qemu-system-riscv64
# environment
XDG_SESSION_CLASS = user
# environment
VSCODE_AGENT_FOLDER = /home/shen/.vscode-server
# environment
XDG_SESSION_TYPE = tty
# automatic
?D = $(patsubst %/,%,$(dir $?))
# automatic
@D = $(patsubst %/,%,$(dir $@))
# automatic
@F = $(notdir $@)
# default
MAKE_VERSION := 4.2.1
# makefile
CURDIR := /home/shen/xv6-labs-2021
# makefile (from 'Makefile', line 8)
K = kernel
# makefile
SHELL = /bin/sh
# makefile (from 'Makefile', line 9)
U = user
# environment
VSCODE_NLS_CONFIG = {"locale":"zh-cn","availableLanguages":{"*":"zh-cn"},"_languagePackId":"e1243840abbb4e31a890d397033a9abf.zh-cn","_translationsConfigFile":"/home/shen/.vscode-server/data/clp/e1243840abbb4e31a890d397033a9abf.zh-cn/tcf.json","_cacheRoot":"/home/shen/.vscode-server/data/clp/e1243840abbb4e31a890d397033a9abf.zh-cn","_resolvedLanguagePackCoreLocation":"/home/shen/.vscode-server/data/clp/e1243840abbb4e31a890d397033a9abf.zh-cn/da76f93349a72022ca4670c1b84860304616aaa2","_corruptedFile":"/home/shen/.vscode-server/data/clp/e1243840abbb4e31a890d397033a9abf.zh-cn/corrupted.info","_languagePackSupport":true}
# environment
_ = /home/shen/.vscode-server/bin/da76f93349a72022ca4670c1b84860304616aaa2/node
# makefile (from 'Makefile', line 114)
CFLAGS = -Wall -Werror -O -fno-omit-frame-pointer -ggdb $(XCFLAGS) -MD -mcmodel=medany -ffreestanding -fno-common -nostdlib -mno-relax -I. $(shell $(CC) -fno-stack-protector -E -x c /dev/null >/dev/null 2>&1 && echo -fno-stack-protector) -DNET_TESTS_PORT=$(SERVERPORT) -fno-pie -no-pie
# makefile (from 'Makefile', line 376)
UPSTREAM := origin
# makefile (from 'Makefile', line 278)
GDBPORT = $(shell expr `id -u` % 5000 + 25000)
# makefile (from 'user/rm.d', line 1)
MAKEFILE_LIST :=  Makefile conf/lab.mk kernel/proc.d kernel/pipe.d kernel/string.d kernel/syscall.d kernel/printf.d kernel/main.d kernel/trap.d kernel/sprintf.d kernel/plic.d kernel/uart.d kernel/log.d kernel/sysfile.d kernel/fs.d kernel/vm.d kernel/virtio_disk.d kernel/sysproc.d kernel/kalloc.d kernel/console.d kernel/spinlock.d kernel/file.d kernel/sleeplock.d kernel/exec.d kernel/bio.d kernel/stats.d kernel/start.d user/wc.d user/sh.d user/usertests.d user/ulib.d user/printf.d user/init.d user/ln.d user/grind.d user/usys.d user/kill.d user/ls.d user/kalloctest.d user/mkdir.d user/umalloc.d user/forktest.d user/grep.d user/echo.d user/initcode.d user/mmaptest.d user/bcachetest.d user/statistics.d user/stressfs.d user/cat.d user/zombie.d user/stats.d user/rm.d
# 'override' directive
GNUMAKEFLAGS := 
# environment
DBUS_SESSION_BUS_ADDRESS = unix:path=/run/user/1000/bus
# makefile (from 'Makefile', line 84)
AS = $(TOOLPREFIX)gas
# makefile (from 'Makefile', line 55)
OBJS = $K/entry.o $K/kalloc.o $K/string.o $K/main.o $K/vm.o $K/proc.o $K/swtch.o $K/trampoline.o $K/trap.o $K/syscall.o $K/sysproc.o $K/bio.o $K/fs.o $K/log.o $K/sleeplock.o $K/file.o $K/pipe.o $K/exec.o $K/sysfile.o $K/kernelvec.o $K/plic.o $K/virtio_disk.o $K/e1000.o $K/net.o $K/sysnet.o $K/pci.o
# environment
VSCODE_CWD = /home/shen
# makefile (from 'Makefile', line 35)
OBJS_KCSAN = $K/start.o $K/console.o $K/printf.o $K/uart.o $K/spinlock.o
# environment
SSH_CONNECTION = 192.168.1.1 56344 192.168.1.22 22
# environment
NO_PROXY = localhost,127.0.0.1,10.96.0.0/12,192.168.59.0/24,192.168.39.0/24,192.168.49.0/24,127.0.0.1:8848
# makefile (from 'Makefile', line 85)
LD = $(TOOLPREFIX)ld
# environment
LSCOLORS = Gxfxcxdxbxegedabagacad
# environment
XDG_RUNTIME_DIR = /run/user/1000
# environment
SDKMAN_DIR = /home/shen/.sdkman
# makefile (from 'Makefile', line 284)
CPUS := 3
# environment
SDKMAN_CANDIDATES_API = https://api.sdkman.io/2
# environment
SDKMAN_PLATFORM = linuxx64
# environment
ELECTRON_RUN_AS_NODE = 1
# environment
VSCODE_IPC_HOOK_CLI = /run/user/1000/vscode-ipc-1d5976bc-5cd8-455d-a6fc-6daf58d8fbe1.sock
# makefile (from 'Makefile', line 120)
LDFLAGS = -z max-page-size=4096
# makefile (from 'Makefile', line 142)
ULIB = $U/ulib.o $U/usys.o $U/printf.o $U/umalloc.o
# default
.FEATURES := target-specific order-only second-expansion else-if shortest-stem undefine oneshell archives jobserver output-sync check-symlink load
# environment
LS_COLORS = 
# automatic
%F = $(notdir $%)
# environment
HTTPS_PROXY = http://192.168.1.1:7890
# environment
apt_https_proxy = Acquire::HTTPS::proxy "http://192.168.1.1:7890";
# environment
PWD = /home/shen/xv6-labs-2021
# default
.LOADED := 
# automatic
*D = $(patsubst %/,%,$(dir $*))
# makefile (from 'conf/lab.mk', line 1)
LAB = net
# environment
VSCODE_AMD_ENTRYPOINT = vs/workbench/api/node/extensionHostProcess
# environment
HOME = /home/shen
# makefile (from 'Makefile', line 92)
LABUPPER = $(shell echo $(LAB) | tr a-z A-Z)
# makefile (from 'Makefile', line 344)
WEBSUB := https://6828.scripts.mit.edu/2021/handin.py
# environment
LOGNAME = shen
# environment
APPLICATION_INSIGHTS_NO_DIAGNOSTIC_CHANNEL = true
# automatic
+F = $(notdir $+)
# environment
ZSH = /home/shen/.oh-my-zsh
# environment
VSCODE_HANDLES_UNCAUGHT_ERRORS = true
# automatic
^D = $(patsubst %/,%,$(dir $^))
# environment
GRPC_VERBOSITY = DEBUG
# environment
apt_http_proxy = Acquire::HTTP::proxy "http://192.168.1.1:7890";
# environment
MAKELEVEL := 0
# environment
SDKMAN_VERSION = 5.15.0
# default
MAKE = $(MAKE_COMMAND)
# default
MAKECMDGOALS := all
# environment
PATH = /home/shen/.vscode-server/bin/da76f93349a72022ca4670c1b84860304616aaa2/bin/remote-cli:/home/shen/.sdkman/candidates/java/current/bin:/usr/local/sbin:/usr/local/bin:/usr/sbin:/usr/bin:/sbin:/bin:/usr/games:/usr/local/games:/snap/bin
# environment
SHLVL = 0
# makefile (from 'Makefile', line 327)
GRADEFLAGS = -v
# makefile (from 'Makefile', line 83)
CC = $(TOOLPREFIX)gcc
# makefile (from 'Makefile', line 69)
TOOLPREFIX := riscv64-linux-gnu-
# environment
JAVA_HOME = /home/shen/.sdkman/candidates/java/current
# environment
XDG_SESSION_ID = 208
# environment
USER = shen
# makefile
.DEFAULT_GOAL := kernel/kernel
# environment
GOROOT = /usr/local/go
# environment
LESS = -R
# automatic
%D = $(patsubst %/,%,$(dir $%))
# default
MAKE_COMMAND := make
# environment
OLDPWD = /home/shen
# default
.VARIABLES := 
# automatic
*F = $(notdir $*)
# makefile (from 'Makefile', line 313)
SERVERPORT = $(shell expr `id -u` % 5000 + 25099)
# makefile
MAKEFLAGS = pqrR
# environment
proxy_url = http://192.168.1.1:7890
# environment
MFLAGS = -pqrR
# environment
SSH_CLIENT = 192.168.1.1 56344 22
# automatic
+D = $(patsubst %/,%,$(dir $+))
# makefile (from 'Makefile', line 87)
OBJDUMP = $(TOOLPREFIX)objdump
# environment
BROWSER = /home/shen/.vscode-server/bin/da76f93349a72022ca4670c1b84860304616aaa2/bin/helpers/browser.sh
# environment
HTTP_PROXY = http://192.168.1.1:7890
# environment
VSCODE_HANDLES_SIGPIPE = true
# makefile (from 'Makefile', line 93)
XCFLAGS = -DSOL_$(LABUPPER) -DLAB_$(LABUPPER)
# makefile (from 'Makefile', line 298)
QEMUOPTS = -machine virt -bios none -kernel $K/kernel -m 128M -smp $(CPUS) -nographic -drive file=fs.img,if=none,format=raw,id=x0 -device virtio-blk-device,drive=x0,bus=virtio-mmio-bus.0 -netdev user,id=net0,hostfwd=udp::$(FWDPORT)-:2000 -object filter-dump,id=net0,netdev=net0,file=packets.pcap -device e1000,netdev=net0,bus=pcie.0
# environment
apt_prefix_https = Acquire::HTTPS::proxy
# 'override' directive
.SHELLSTATUS := 0
# default
MAKEFILES := 
# automatic
<F = $(notdir $<)
# environment
https_proxy = http://192.168.1.1:7890
# makefile (from 'Makefile', line 257)
UEXTRA = 
# environment
SDKMAN_CANDIDATES_DIR = /home/shen/.sdkman/candidates
# makefile (from 'Makefile', line 290)
FWDPORT = $(shell expr `id -u` % 5000 + 25999)
# environment
EDITOR = /usr/bin/vim
# environment
PAGER = less
# environment
LC_ALL = C
# environment
apt_set = Acquire::HTTP::proxy "http://192.168.1.1:7890";\nAcquire::HTTPS::proxy "http://192.168.1.1:7890";
# environment
hostip = 192.168.1.1
# automatic
^F = $(notdir $^)
# makefile (from 'Makefile', line 86)
OBJCOPY = $(TOOLPREFIX)objcopy
# default
SUFFIXES := 
# makefile (from 'Makefile', line 253)
UPROGS = $U/_cat $U/_echo $U/_forktest $U/_grep $U/_init $U/_kill $U/_ln $U/_ls $U/_mkdir $U/_rm $U/_sh $U/_stressfs $U/_usertests $U/_grind $U/_wc $U/_zombie  $U/_nettests
# environment
apt_prefix_http = Acquire::HTTP::proxy
# default
.INCLUDE_DIRS = /usr/include /usr/local/include /usr/include
# default
.RECIPEPREFIX := 
# environment
http_proxy = http://192.168.1.1:7890
# default
MAKE_HOST := x86_64-pc-linux-gnu
# environment
LANG = C
# environment
MOTD_SHOWN = pam
# variable set hash-table stats:
# Load=118/1024=12%, Rehash=0, Collisions=32/507=6%

# Pattern-specific Variable Values

# No pattern-specific variable values.

# Directories

# user (device 2050, inode 40111170): 147 files, no impossibilities.
# kernel (device 2050, inode 40111121): 111 files, no impossibilities.
# . (device 2050, inode 40111071): 23 files, no impossibilities.

# 281 files, no impossibilities in 3 directories.

# Implicit Rules

kernel/%.o: kernel/%.c
#  recipe to execute (from 'Makefile', line 130):
	$(CC) $(CFLAGS) $(EXTRAFLAG) -c -o $@ $<

_%: %.o user/ulib.o user/usys.o user/printf.o user/umalloc.o
#  recipe to execute (from 'Makefile', line 149):
	$(LD) $(LDFLAGS) -N -e main -Ttext 0 -o $@ $^
	$(OBJDUMP) -S $@ > $*.asm
	$(OBJDUMP) -t $@ | sed '1,/SYMBOL TABLE/d; s/ .* / /; /^$$/d' > $*.sym

# 2 implicit rules, 0 (0.0%) terminal.

# Files

# Not a target:
kernel/sysfile.c:
#  Implicit rule search has not been done.
#  Modification time never checked.
#  File has not been updated.

# Not a target:
user/_ln:
#  Implicit rule search has not been done.
#  Modification time never checked.
#  File has not been updated.

user/ln.o: user/ln.c kernel/types.h kernel/stat.h user/user.h
#  Implicit rule search has not been done.
#  Modification time never checked.
#  File has not been updated.

# makefile (from 'Makefile', line 127)
kernel/fs.o: EXTRAFLAG := 
kernel/fs.o: kernel/fs.c kernel/types.h kernel/riscv.h kernel/defs.h kernel/param.h kernel/stat.h kernel/spinlock.h kernel/proc.h kernel/sleeplock.h kernel/fs.h kernel/buf.h kernel/file.h
#  Implicit rule search has not been done.
#  Modification time never checked.
#  File has not been updated.
# variable set hash-table stats:
# Load=1/32=3%, Rehash=0, Collisions=0/2=0%

# Not a target:
kernel/exec.c:
#  Implicit rule search has not been done.
#  Modification time never checked.
#  File has not been updated.

handin: tarball-pref myapi.key
#  Phony target (prerequisite of .PHONY).
#  Implicit rule search has not been done.
#  File does not exist.
#  File has not been updated.
#  recipe to execute (from 'Makefile', line 347):
	@SUF=$(LAB); \
	curl -f -F file=@lab-$$SUF-handin.tar.gz -F key=\<myapi.key $(WEBSUB)/upload \
	    > /dev/null || { \
		echo ; \
		echo Submit seems to have failed.; \
		echo Please go to $(WEBSUB)/ and upload the tarball manually.; }

# Not a target:
user/bcachetest.c:
#  Implicit rule search has not been done.
#  Modification time never checked.
#  File has not been updated.

user/grind.o: user/grind.c kernel/param.h kernel/types.h kernel/stat.h user/user.h kernel/fs.h kernel/fcntl.h kernel/syscall.h kernel/memlayout.h kernel/riscv.h
#  Implicit rule search has not been done.
#  Modification time never checked.
#  File has not been updated.

qemu: kernel/kernel fs.img
#  Implicit rule search has not been done.
#  Modification time never checked.
#  File has not been updated.
#  recipe to execute (from 'Makefile', line 302):
	$(QEMU) $(QEMUOPTS)

# Not a target:
kernel/virtio_disk.c:
#  Implicit rule search has not been done.
#  Modification time never checked.
#  File has not been updated.

# Not a target:
kernel/plic.d:
#  Implicit rule search has been done.
#  Last modified 2022-08-04 16:25:29.118492437
#  File has been updated.
#  Successfully updated.

# makefile (from 'Makefile', line 127)
kernel/exec.o: EXTRAFLAG := 
kernel/exec.o: kernel/exec.c kernel/types.h kernel/param.h kernel/memlayout.h kernel/riscv.h kernel/spinlock.h kernel/proc.h kernel/defs.h kernel/elf.h
#  Implicit rule search has not been done.
#  Modification time never checked.
#  File has not been updated.
# variable set hash-table stats:
 
# Load=1/32=3%, Rehash=0, Collisions=0/2=0%

mkfs/mkfs: mkfs/mkfs.c kernel/fs.h kernel/param.h
#  Implicit rule search has not been done.
#  Modification time never checked.
#  File has not been updated.
#  recipe to execute (from 'Makefile', line 166):
	gcc $(XCFLAGS) -Werror -Wall -I. -o mkfs/mkfs mkfs/mkfs.c

# Not a target:
kernel/printf.c:
#  Implicit rule search has not been done.
#  Modification time never checked.
#  File has not been updated.

user/cat.o: user/cat.c kernel/types.h kernel/stat.h user/user.h
#  Implicit rule search has not been done.
#  Modification time never checked.
#  File has not been updated.

# Not a target:
kernel/file.h:
#  Implicit rule search has not been done.
#  Modification time never checked.
#  File has not been updated.

# makefile (from 'Makefile', line 127)
kernel/e1000.o: EXTRAFLAG := 
# Not a target:
kernel/e1000.o:
#  Implicit rule search has not been done.
#  Modification time never checked.
#  File has not been updated.
# variable set hash-table stats:
# Load=1/32=3%, Rehash=0, Collisions=0/2=0%

user/mkdir.o: user/mkdir.c kernel/types.h kernel/stat.h user/user.h
#  Implicit rule search has not been done.
#  Modification time never checked.
#  File has not been updated.

# Not a target:
user/_mkdir:
#  Implicit rule search has not been done.
#  Modification time never checked.
#  File has not been updated.

kernel/stats.o: kernel/stats.c /usr/lib/gcc-cross/riscv64-linux-gnu/9/include/stdarg.h kernel/types.h kernel/param.h kernel/spinlock.h kernel/sleeplock.h kernel/fs.h kernel/file.h kernel/riscv.h kernel/defs.h
#  Implicit rule search has not been done.
#  Modification time never checked.
#  File has not been updated.

# Not a target:
all:
#  Command line target.
#  Implicit rule search has been done.
#  File does not exist.
#  File has not been updated.

# Not a target:
%.o:
#  Precious file (prerequisite of .PRECIOUS).
#  Implicit rule search has not been done.
#  Modification time never checked.
#  File has not been updated.

# makefile (from 'Makefile', line 127)
kernel/sysnet.o: EXTRAFLAG := 
# Not a target:
kernel/sysnet.o:
#  Implicit rule search has not been done.
#  Modification time never checked.
#  File has not been updated.
# variable set hash-table stats:
# Load=1/32=3%, Rehash=0, Collisions=0/2=0%

user/sh.o: user/sh.c kernel/types.h user/user.h kernel/fcntl.h
#  Implicit rule search has not been done.
#  Modification time never checked.
#  File has not been updated.

# Not a target:
user/kill.c:
#  Implicit rule search has not been done.
#  Modification time never checked.
#  File has not been updated.

# Not a target:
kernel/spinlock.h:
#  Implicit rule search has not been done.
#  Modification time never checked.
#  File has not been updated.

# Not a target:
kernel/console.d:
#  Implicit rule search has been done.
#  Last modified 2022-08-04 16:25:29.346492428
#  File has been updated.
#  Successfully updated.

# Not a target:
kernel/proc.h:
#  Implicit rule search has not been done.
#  Modification time never checked.
#  File has not been updated.

.PHONY: handin tarball tarball-pref clean grade handin-check
#  Implicit rule search has not been done.
#  Modification time never checked.
#  File has not been updated.

# Not a target:
kernel/kernel.ld:
#  Implicit rule search has not been done.
#  Modification time never checked.
#  File has not been updated.

kernel/uart.o: kernel/uart.c kernel/types.h kernel/param.h kernel/memlayout.h kernel/riscv.h kernel/spinlock.h kernel/proc.h kernel/defs.h
#  Implicit rule search has not been done.
#  Modification time never checked.
#  File has not been updated.

# makefile (from 'Makefile', line 127)
kernel/sleeplock.o: EXTRAFLAG := 
kernel/sleeplock.o: kernel/sleeplock.c kernel/types.h kernel/riscv.h kernel/defs.h kernel/param.h kernel/memlayout.h kernel/spinlock.h kernel/proc.h kernel/sleeplock.h
#  Implicit rule search has not been done.
#  Modification time never checked.
#  File has not been updated.
# variable set hash-table stats:
# Load=1/32=3%, Rehash=0, Collisions=0/2=0%

# makefile (from 'Makefile', line 127)
kernel/plic.o: EXTRAFLAG := 
kernel/plic.o: kernel/plic.c kernel/types.h kernel/param.h kernel/memlayout.h kernel/riscv.h kernel/defs.h
#  Implicit rule search has not been done.
#  Modification time never checked.
#  File has not been updated.
# variable set hash-table stats:
# Load=1/32=3%, Rehash=0, Collisions=0/2=0%

user/init.o: user/init.c kernel/types.h kernel/stat.h kernel/spinlock.h kernel/sleeplock.h kernel/fs.h kernel/file.h user/user.h kernel/fcntl.h
#  Implicit rule search has not been done.
#  Modification time never checked.
#  File has not been updated.

# Not a target:
user/_init:
#  Implicit rule search has not been done.
#  Modification time never checked.
#  File has not been updated.

# makefile (from 'Makefile', line 127)
kernel/log.o: EXTRAFLAG := 
kernel/log.o: kernel/log.c kernel/types.h kernel/riscv.h kernel/defs.h kernel/param.h kernel/spinlock.h kernel/sleeplock.h kernel/fs.h kernel/buf.h
#  Implicit rule search has not been done.
#  Modification time never checked.
#  File has not been updated.
# variable set hash-table stats:
# Load=1/32=3%, Rehash=0, Collisions=0/2=0%

# Not a target:
user/wc.c:
#  Implicit rule search has not been done.
#  Modification time never checked.
#  File has not been updated.

handin-check:
#  Phony target (prerequisite of .PHONY).
#  Implicit rule search has not been done.
#  File does not exist.
#  File has not been updated.
#  recipe to execute (from 'Makefile', line 355):
	@if ! test -d .git; then \
		echo No .git directory, is this a git repository?; \
		false; \
	fi
	@if test "$$(git symbolic-ref HEAD)" != refs/heads/$(LAB); then \
		git branch; \
		read -p "You are not on the $(LAB) branch.  Hand-in the current branch? [y/N] " r; \
		test "$$r" = y; \
	fi
	@if ! git diff-files --quiet || ! git diff-index --quiet --cached HEAD; then \
		git status -s; \
		echo; \
		echo "You have uncomitted changes.  Please commit or stash them."; \
		false; \
	fi
	@if test -n "`git status -s`"; then \
		git status -s; \
		read -p "Untracked files will not be handed in.  Continue? [y/N] " r; \
		test "$$r" = y; \
	fi

# Not a target:
user/echo.c:
#  Implicit rule search has not been done.
#  Modification time never checked.
#  File has not been updated.

kernel/sprintf.o: kernel/sprintf.c /usr/lib/gcc-cross/riscv64-linux-gnu/9/include/stdarg.h kernel/types.h kernel/param.h kernel/spinlock.h kernel/sleeplock.h kernel/fs.h kernel/file.h kernel/riscv.h kernel/defs.h
#  Implicit rule search has not been done.
#  Modification time never checked.
#  File has not been updated.

 
user/usys.S: user/usys.pl
#  Implicit rule search has not been done.
#  Modification time never checked.
#  File has not been updated.
#  recipe to execute (from 'Makefile', line 154):
	perl $U/usys.pl > $U/usys.S

.PRECIOUS: %.o
#  Implicit rule search has not been done.
#  Modification time never checked.
#  File has not been updated.

# Not a target:
kernel/bio.d:
#  Implicit rule search has been done.
#  Last modified 2022-08-04 16:25:28.610492455
#  File has been updated.
#  Successfully updated.

# Not a target:
kernel/start.c:
#  Implicit rule search has not been done.
#  Modification time never checked.
#  File has not been updated.

# Not a target:
README:
#  Implicit rule search has not been done.
#  Modification time never checked.
#  File has not been updated.

# makefile (from 'Makefile', line 127)
kernel/syscall.o: EXTRAFLAG := 
kernel/syscall.o: kernel/syscall.c kernel/types.h kernel/param.h kernel/memlayout.h kernel/riscv.h kernel/spinlock.h kernel/proc.h kernel/syscall.h kernel/defs.h
#  Implicit rule search has not been done.
#  Modification time never checked.
#  File has not been updated.
# variable set hash-table stats:
# Load=1/32=3%, Rehash=0, Collisions=0/2=0%

# Not a target:
kernel/memlayout.h:
#  Implicit rule search has not been done.
#  Modification time never checked.
#  File has not been updated.

# Not a target:
user/kalloctest.c:
#  Implicit rule search has not been done.
#  Modification time never checked.
#  File has not been updated.

user/rm.o: user/rm.c kernel/types.h kernel/stat.h user/user.h
#  Implicit rule search has not been done.
#  Modification time never checked.
#  File has not been updated.

# Not a target:
user/ls.c:
#  Implicit rule search has not been done.
#  Modification time never checked.
#  File has not been updated.

print-gdbport:
#  Implicit rule search has not been done.
#  Modification time never checked.
#  File has not been updated.
#  recipe to execute (from 'Makefile', line 331):
	@echo $(GDBPORT)

# Not a target:
user/statistics.c:
#  Implicit rule search has not been done.
#  Modification time never checked.
#  File has not been updated.

# Not a target:
kernel/main.d:
#  Implicit rule search has been done.
#  Last modified 2022-08-04 16:25:28.194492471
#  File has been updated.
#  Successfully updated.

# Not a target:
user/kill.d:
#  Implicit rule search has been done.
#  Last modified 2022-08-04 16:23:19.746497178
#  File has been updated.
#  Successfully updated.

# makefile (from 'Makefile', line 127)
kernel/vm.o: EXTRAFLAG := 
kernel/vm.o: kernel/vm.c kernel/param.h kernel/types.h kernel/memlayout.h kernel/elf.h kernel/riscv.h kernel/defs.h kernel/fs.h
#  Implicit rule search has not been done.
#  Modification time never checked.
#  File has not been updated.
# variable set hash-table stats:
# Load=1/32=3%, Rehash=0, Collisions=0/2=0%

# Not a target:
kernel/fcntl.h:
#  Implicit rule search has not been done.
#  Modification time never checked.
#  File has not been updated.

# Not a target:
kernel/console.c:
#  Implicit rule search has not been done.
#  Modification time never checked.
#  File has not been updated.

# Not a target:
user/ulib.c:
#  Implicit rule search has not been done.
#  Modification time never checked.
#  File has not been updated.

# makefile (from 'Makefile', line 127)
kernel/trampoline.o: EXTRAFLAG := 
# Not a target:
kernel/trampoline.o:
#  Implicit rule search has not been done.
#  Modification time never checked.
#  File has not been updated.
# variable set hash-table stats:
# Load=1/32=3%, Rehash=0, Collisions=0/2=0%

# Not a target:
user/_stressfs:
#  Implicit rule search has not been done.
#  Modification time never checked.
#  File has not been updated.

# Not a target:
 
user/initcode.S:
#  Implicit rule search has not been done.
#  Modification time never checked.
#  File has not been updated.

# Not a target:
kernel/exec.d:
#  Implicit rule search has been done.
#  Last modified 2022-08-04 16:25:28.986492442
#  File has been updated.
#  Successfully updated.

# Not a target:
_init:
#  Implicit rule search has not been done.
#  Modification time never checked.
#  File has not been updated.

user/forktest.o: user/forktest.c kernel/types.h kernel/stat.h user/user.h
#  Implicit rule search has not been done.
#  Modification time never checked.
#  File has not been updated.

# Not a target:
user/umalloc.d:
#  Implicit rule search has been done.
#  Last modified 2022-08-04 16:23:19.470497188
#  File has been updated.
#  Successfully updated.

tags: kernel/entry.o kernel/kalloc.o kernel/string.o kernel/main.o kernel/vm.o kernel/proc.o kernel/swtch.o kernel/trampoline.o kernel/trap.o kernel/syscall.o kernel/sysproc.o kernel/bio.o kernel/fs.o kernel/log.o kernel/sleeplock.o kernel/file.o kernel/pipe.o kernel/exec.o kernel/sysfile.o kernel/kernelvec.o kernel/plic.o kernel/virtio_disk.o kernel/e1000.o kernel/net.o kernel/sysnet.o kernel/pci.o _init
#  Implicit rule search has not been done.
#  Modification time never checked.
#  File has not been updated.
#  recipe to execute (from 'Makefile', line 140):
	etags *.S *.c

user/_forktest: user/forktest.o user/ulib.o user/usys.o user/printf.o user/umalloc.o
#  Implicit rule search has not been done.
#  Modification time never checked.
#  File has not been updated.
#  recipe to execute (from 'Makefile', line 160):
	# forktest has less library code linked in - needs to be small
	# in order to be able to max out the proc table.
	$(LD) $(LDFLAGS) -N -e main -Ttext 0 -o $U/_forktest $U/forktest.o $U/ulib.o $U/usys.o
	$(OBJDUMP) -S $U/_forktest > $U/forktest.asm

# Not a target:
kernel/stats.c:
#  Implicit rule search has not been done.
#  Modification time never checked.
#  File has not been updated.

# Not a target:
Makefile:
#  Implicit rule search has been done.
#  Last modified 2022-08-04 16:22:44.122498484
#  File has been updated.
#  Successfully updated.

# Not a target:
kernel/pipe.c:
#  Implicit rule search has not been done.
#  Modification time never checked.
#  File has not been updated.

# Not a target:
user/grep.c:
#  Implicit rule search has not been done.
#  Modification time never checked.
#  File has not been updated.

# makefile (from 'Makefile', line 127)
kernel/net.o: EXTRAFLAG := 
# Not a target:
kernel/net.o:
#  Implicit rule search has not been done.
#  Modification time never checked.
#  File has not been updated.
# variable set hash-table stats:
# Load=1/32=3%, Rehash=0, Collisions=0/2=0%

# Not a target:
kernel/file.d:
#  Implicit rule search has been done.
#  Last modified 2022-08-04 16:25:28.882492445
#  File has been updated.
#  Successfully updated.

server:
#  Implicit rule search has not been done.
#  Modification time never checked.
#  File has not been updated.
#  recipe to execute (from 'Makefile', line 316):
	python3 server.py $(SERVERPORT)

user/echo.o: user/echo.c kernel/types.h kernel/stat.h user/user.h
#  Implicit rule search has not been done.
#  Modification time never checked.
#  File has not been updated.

# Not a target:
kernel/buf.h:
#  Implicit rule search has not been done.
#  Modification time never checked.
#  File has not been updated.

# Not a target:
kernel/spinlock.d:
#  Implicit rule search has been done.
#  Last modified 2022-08-04 16:25:29.506492423
#  File has been updated.
#  Successfully updated.

 
# Not a target:
kernel/proc.d:
#  Implicit rule search has been done.
#  Last modified 2022-08-04 16:25:28.398492463
#  File has been updated.
#  Successfully updated.

# Not a target:
kernel/main.c:
#  Implicit rule search has not been done.
#  Modification time never checked.
#  File has not been updated.

tarball: handin-check
#  Phony target (prerequisite of .PHONY).
#  Implicit rule search has not been done.
#  File does not exist.
#  File has not been updated.
#  recipe to execute (from 'Makefile', line 379):
	git archive --format=tar HEAD | gzip > lab-$(LAB)-handin.tar.gz

# Not a target:
user/mmaptest.d:
#  Implicit rule search has been done.
#  Last modified 2022-08-03 17:31:23.59911
#  File has been updated.
#  Successfully updated.

# Not a target:
user/grind.c:
#  Implicit rule search has not been done.
#  Modification time never checked.
#  File has not been updated.

# Not a target:
user/ln.c:
#  Implicit rule search has not been done.
#  Modification time never checked.
#  File has not been updated.

# Not a target:
kernel/string.d:
#  Implicit rule search has been done.
#  Last modified 2022-08-03 17:03:49.155170634
#  File has been updated.
#  Successfully updated.

# makefile (from 'Makefile', line 127)
kernel/kalloc.o: EXTRAFLAG := 
kernel/kalloc.o: kernel/kalloc.c kernel/types.h kernel/param.h kernel/memlayout.h kernel/spinlock.h kernel/riscv.h kernel/defs.h
#  Implicit rule search has not been done.
#  Modification time never checked.
#  File has not been updated.
# variable set hash-table stats:
# Load=1/32=3%, Rehash=0, Collisions=0/2=0%

grade:
#  Phony target (prerequisite of .PHONY).
#  Implicit rule search has not been done.
#  File does not exist.
#  File has not been updated.
#  recipe to execute (from 'Makefile', line 334):
	@echo $(MAKE) clean
	@$(MAKE) clean || \
          (echo "'make clean' failed.  HINT: Do you have another running instance of xv6?" && exit 1)
	./grade-lab-$(LAB) $(GRADEFLAGS)

# Not a target:
kernel/fs.c:
#  Implicit rule search has not been done.
#  Modification time never checked.
#  File has not been updated.

# Not a target:
kernel/sysfile.d:
#  Implicit rule search has been done.
#  Last modified 2022-08-04 16:25:29.082492438
#  File has been updated.
#  Successfully updated.

# Not a target:
user/_rm:
#  Implicit rule search has not been done.
#  Modification time never checked.
#  File has not been updated.

# Not a target:
user/bcachetest.d:
#  Implicit rule search has been done.
#  Last modified 2022-08-04 16:23:20.938497135
#  File has been updated.
#  Successfully updated.

# Not a target:
.gdbinit.tmpl-riscv:
#  Implicit rule search has not been done.
#  Modification time never checked.
#  File has not been updated.

# Not a target:
mkfs/mkfs.c:
#  Implicit rule search has not been done.
#  Modification time never checked.
#  File has not been updated.

# Not a target:
kernel/virtio_disk.d:
#  Implicit rule search has been done.
#  Last modified 2022-08-04 16:25:29.178492435
#  File has been updated.
#  Successfully updated.

# Not a target:
user/cat.c:
#  Implicit rule search has not been done.
#  Modification time never checked.
#  File has not been updated.

# Not a target:
user/mkdir.c:
#  Implicit rule search has not been done.
#  Modification time never checked.
#  File has not been updated.

# Not a target:
kernel/printf.d:
#  Implicit rule search has been done.
 
#  Last modified 2022-08-04 16:25:29.394492427
#  File has been updated.
#  Successfully updated.

kernel/kernel: kernel/entry.o kernel/kalloc.o kernel/string.o kernel/main.o kernel/vm.o kernel/proc.o kernel/swtch.o kernel/trampoline.o kernel/trap.o kernel/syscall.o kernel/sysproc.o kernel/bio.o kernel/fs.o kernel/log.o kernel/sleeplock.o kernel/file.o kernel/pipe.o kernel/exec.o kernel/sysfile.o kernel/kernelvec.o kernel/plic.o kernel/virtio_disk.o kernel/e1000.o kernel/net.o kernel/sysnet.o kernel/pci.o kernel/start.o kernel/console.o kernel/printf.o kernel/uart.o kernel/spinlock.o kernel/kernel.ld user/initcode
#  Implicit rule search has not been done.
#  Modification time never checked.
#  File has not been updated.
#  recipe to execute (from 'Makefile', line 123):
	$(LD) $(LDFLAGS) -T $K/kernel.ld -o $K/kernel $(OBJS) $(OBJS_KCSAN)
	$(OBJDUMP) -S $K/kernel > $K/kernel.asm
	$(OBJDUMP) -t $K/kernel | sed '1,/SYMBOL TABLE/d; s/ .* / /; /^$$/d' > $K/kernel.sym

user/printf.o: user/printf.c kernel/types.h kernel/stat.h user/user.h /usr/lib/gcc-cross/riscv64-linux-gnu/9/include/stdarg.h
#  Implicit rule search has not been done.
#  Modification time never checked.
#  File has not been updated.

# Not a target:
user/_cat:
#  Implicit rule search has not been done.
#  Modification time never checked.
#  File has not been updated.

# makefile (from 'Makefile', line 127)
kernel/bio.o: EXTRAFLAG := 
kernel/bio.o: kernel/bio.c kernel/types.h kernel/param.h kernel/spinlock.h kernel/sleeplock.h kernel/riscv.h kernel/defs.h kernel/fs.h kernel/buf.h
#  Implicit rule search has not been done.
#  Modification time never checked.
#  File has not been updated.
# variable set hash-table stats:
# Load=1/32=3%, Rehash=0, Collisions=0/2=0%

# Not a target:
user/sh.c:
#  Implicit rule search has not been done.
#  Modification time never checked.
#  File has not been updated.

# Not a target:
kernel/trap.c:
#  Implicit rule search has not been done.
#  Modification time never checked.
#  File has not been updated.

# Not a target:
kernel/uart.c:
#  Implicit rule search has not been done.
#  Modification time never checked.
#  File has not been updated.

# Not a target:
user/_sh:
#  Implicit rule search has not been done.
#  Modification time never checked.
#  File has not been updated.

# Not a target:
kernel/trap.d:
#  Implicit rule search has been done.
#  Last modified 2022-08-04 16:25:28.454492461
#  File has been updated.
#  Successfully updated.

# Not a target:
kernel/plic.c:
#  Implicit rule search has not been done.
#  Modification time never checked.
#  File has not been updated.

# Not a target:
user/init.c:
#  Implicit rule search has not been done.
#  Modification time never checked.
#  File has not been updated.

.gdbinit: .gdbinit.tmpl-riscv
#  Implicit rule search has not been done.
#  Modification time never checked.
#  File has not been updated.
#  recipe to execute (from 'Makefile', line 305):
	sed "s/:1234/:$(GDBPORT)/" < $^ > $@

# Not a target:
kernel/log.c:
#  Implicit rule search has not been done.
#  Modification time never checked.
#  File has not been updated.

# Not a target:
user/_kill:
#  Implicit rule search has not been done.
#  Modification time never checked.
#  File has not been updated.

# Not a target:
user/zombie.d:
#  Implicit rule search has been done.
#  Last modified 2022-08-04 16:23:20.774497141
#  File has been updated.
#  Successfully updated.

user/kill.o: user/kill.c kernel/types.h kernel/stat.h user/user.h
#  Implicit rule search has not been done.
#  Modification time never checked.
#  File has not been updated.

# Not a target:
kernel/fs.h:
#  Implicit rule search has not been done.
#  Modification time never checked.
#  File has not been updated.

# makefile (from 'Makefile', line 127)
kernel/sysproc.o: EXTRAFLAG := 
kernel/sysproc.o: kernel/sysproc.c kernel/types.h kernel/riscv.h kernel/defs.h kernel/date.h kernel/param.h kernel/memlayout.h kernel/spinlock.h kernel/proc.h
#  Implicit rule search has not been done.
 
#  Modification time never checked.
#  File has not been updated.
# variable set hash-table stats:
# Load=1/32=3%, Rehash=0, Collisions=0/2=0%

# Not a target:
kernel/sprintf.c:
#  Implicit rule search has not been done.
#  Modification time never checked.
#  File has not been updated.

# Not a target:
user/_echo:
#  Implicit rule search has not been done.
#  Modification time never checked.
#  File has not been updated.

fs.img: mkfs/mkfs README user/_cat user/_echo user/_forktest user/_grep user/_init user/_kill user/_ln user/_ls user/_mkdir user/_rm user/_sh user/_stressfs user/_usertests user/_grind user/_wc user/_zombie user/_nettests
#  Implicit rule search has not been done.
#  Modification time never checked.
#  File has not been updated.
#  recipe to execute (from 'Makefile', line 264):
	mkfs/mkfs fs.img README $(UEXTRA) $(UPROGS)

# Not a target:
user/wc.d:
#  Implicit rule search has been done.
#  Last modified 2022-08-04 16:23:20.734497142
#  File has been updated.
#  Successfully updated.

# Not a target:
user/stats.d:
#  Implicit rule search has been done.
#  Last modified 2022-08-04 16:23:20.814497139
#  File has been updated.
#  Successfully updated.

# Not a target:
kernel/syscall.c:
#  Implicit rule search has not been done.
#  Modification time never checked.
#  File has not been updated.

# makefile (from 'Makefile', line 127)
kernel/swtch.o: EXTRAFLAG := 
# Not a target:
kernel/swtch.o:
#  Implicit rule search has not been done.
#  Modification time never checked.
#  File has not been updated.
# variable set hash-table stats:
# Load=1/32=3%, Rehash=0, Collisions=0/2=0%

# Not a target:
kernel/start.d:
#  Implicit rule search has been done.
#  Last modified 2022-08-04 16:25:29.29449243
#  File has been updated.
#  Successfully updated.

# Not a target:
user/usys.d:
#  Implicit rule search has been done.
#  Last modified 2022-08-04 16:23:19.370497192
#  File has been updated.
#  Successfully updated.

# Not a target:
user/kalloctest.d:
#  Implicit rule search has been done.
#  Last modified 2022-08-04 16:23:20.870497137
#  File has been updated.
#  Successfully updated.

user/umalloc.o: user/umalloc.c kernel/types.h kernel/stat.h user/user.h kernel/param.h
#  Implicit rule search has not been done.
#  Modification time never checked.
#  File has not been updated.

# Not a target:
user/ls.d:
#  Implicit rule search has been done.
#  Last modified 2022-08-04 16:23:19.838497175
#  File has been updated.
#  Successfully updated.

# Not a target:
user/statistics.d:
#  Implicit rule search has been done.
#  Last modified 2022-08-04 16:23:19.498497187
#  File has been updated.
#  Successfully updated.

# Not a target:
conf/lab.mk:
#  Implicit rule search has been done.
#  Last modified 2022-08-09 17:26:33.220183433
#  File has been updated.
#  Successfully updated.

# Not a target:
user/stressfs.d:
#  Implicit rule search has been done.
 
#  Last modified 2022-08-04 16:23:20.094497165
#  File has been updated.
#  Successfully updated.

# Not a target:
.DEFAULT:
#  Implicit rule search has not been done.
#  Modification time never checked.
#  File has not been updated.

# makefile (from 'Makefile', line 127)
kernel/file.o: EXTRAFLAG := 
kernel/file.o: kernel/file.c kernel/types.h kernel/riscv.h kernel/defs.h kernel/param.h kernel/fs.h kernel/spinlock.h kernel/sleeplock.h kernel/file.h kernel/stat.h kernel/proc.h
#  Implicit rule search has not been done.
#  Modification time never checked.
#  File has not been updated.
# variable set hash-table stats:
# Load=1/32=3%, Rehash=0, Collisions=0/2=0%

# Not a target:
user/ulib.d:
#  Implicit rule search has been done.
#  Last modified 2022-08-04 16:23:19.342497193
#  File has been updated.
#  Successfully updated.

# Not a target:
kernel/kalloc.d:
#  Implicit rule search has been done.
#  Last modified 2022-08-04 16:25:28.166492472
#  File has been updated.
#  Successfully updated.

# Not a target:
kernel/log.d:
#  Implicit rule search has been done.
#  Last modified 2022-08-04 16:25:28.790492449
#  File has been updated.
#  Successfully updated.

# Not a target:
user/umalloc.c:
#  Implicit rule search has not been done.
#  Modification time never checked.
#  File has not been updated.

# Not a target:
user/forktest.c:
#  Implicit rule search has not been done.
#  Modification time never checked.
#  File has not been updated.

# Not a target:
user/initcode.d:
#  Implicit rule search has been done.
#  Last modified 2022-08-03 17:03:50.559170583
#  File has been updated.
#  Successfully updated.

# Not a target:
user/mmaptest.c:
#  Implicit rule search has not been done.
#  Modification time never checked.
#  File has not been updated.

# Not a target:
user/usertests.c:
#  Implicit rule search has not been done.
#  Modification time never checked.
#  File has not been updated.

kernel/spinlock.o: kernel/spinlock.c kernel/types.h kernel/param.h kernel/memlayout.h kernel/spinlock.h kernel/riscv.h kernel/proc.h kernel/defs.h
#  Implicit rule search has not been done.
#  Modification time never checked.
#  File has not been updated.

# makefile (from 'Makefile', line 127)
kernel/proc.o: EXTRAFLAG := 
kernel/proc.o: kernel/proc.c kernel/types.h kernel/param.h kernel/memlayout.h kernel/riscv.h kernel/spinlock.h kernel/proc.h kernel/defs.h
#  Implicit rule search has not been done.
#  Modification time never checked.
#  File has not been updated.
# variable set hash-table stats:
# Load=1/32=3%, Rehash=0, Collisions=0/2=0%

# Not a target:
kernel/pipe.d:
#  Implicit rule search has been done.
#  Last modified 2022-08-04 16:25:28.930492444
#  File has been updated.
#  Successfully updated.

# Not a target:
kernel/sleeplock.h:
#  Implicit rule search has not been done.
#  Modification time never checked.
#  File has not been updated.

# Not a target:
kernel/param.h:
#  Implicit rule search has not been done.
#  Modification time never checked.
 
#  File has not been updated.

# makefile (from 'Makefile', line 127)
kernel/string.o: EXTRAFLAG := 
kernel/string.o: kernel/string.c kernel/types.h
#  Implicit rule search has not been done.
#  Modification time never checked.
#  File has not been updated.
# variable set hash-table stats:
# Load=1/32=3%, Rehash=0, Collisions=0/2=0%

# Not a target:
user/grep.d:
#  Implicit rule search has been done.
#  Last modified 2022-08-04 16:23:19.658497181
#  File has been updated.
#  Successfully updated.

qemu-gdb: kernel/kernel .gdbinit fs.img
#  Implicit rule search has not been done.
#  Modification time never checked.
#  File has not been updated.
#  recipe to execute (from 'Makefile', line 308):
	@echo "*** Now run 'gdb' in another window." 1>&2
	$(QEMU) $(QEMUOPTS) -S $(QEMUGDB)

# makefile (from 'Makefile', line 127)
kernel/sysfile.o: EXTRAFLAG := 
kernel/sysfile.o: kernel/sysfile.c kernel/types.h kernel/riscv.h kernel/defs.h kernel/param.h kernel/stat.h kernel/spinlock.h kernel/proc.h kernel/fs.h kernel/sleeplock.h kernel/file.h kernel/fcntl.h
#  Implicit rule search has not been done.
#  Modification time never checked.
#  File has not been updated.
# variable set hash-table stats:
# Load=1/32=3%, Rehash=0, Collisions=0/2=0%

user/statistics.o: user/statistics.c kernel/types.h kernel/stat.h kernel/fcntl.h user/user.h
#  Implicit rule search has not been done.
#  Modification time never checked.
#  File has not been updated.

clean:
#  Phony target (prerequisite of .PHONY).
#  Implicit rule search has not been done.
#  File does not exist.
#  File has not been updated.
#  recipe to execute (from 'Makefile', line 269):
	rm -f *.tex *.dvi *.idx *.aux *.log *.ind *.ilg \
	*/*.o */*.d */*.asm */*.sym \
	$U/initcode $U/initcode.out $K/kernel fs.img \
	mkfs/mkfs .gdbinit \
        $U/usys.S \
	$(UPROGS) \
	ph barrier

# Not a target:
kernel/syscall.h:
#  Implicit rule search has not been done.
#  Modification time never checked.
#  File has not been updated.

# Not a target:
kernel/stat.h:
#  Implicit rule search has not been done.
#  Modification time never checked.
#  File has not been updated.

user/mmaptest.o: user/mmaptest.c kernel/param.h kernel/fcntl.h kernel/types.h kernel/stat.h kernel/riscv.h kernel/fs.h user/user.h
#  Implicit rule search has not been done.
#  Modification time never checked.
#  File has not been updated.

# makefile (from 'Makefile', line 127)
kernel/kernelvec.o: EXTRAFLAG := 
# Not a target:
kernel/kernelvec.o:
#  Implicit rule search has not been done.
#  Modification time never checked.
#  File has not been updated.
# variable set hash-table stats:
# Load=1/32=3%, Rehash=0, Collisions=0/2=0%

# Not a target:
kernel/elf.h:
#  Implicit rule search has not been done.
#  Modification time never checked.
#  File has not been updated.

tarball-pref: handin-check
#  Phony target (prerequisite of .PHONY).
#  Implicit rule search has not been done.
#  File does not exist.
#  File has not been updated.
#  recipe to execute (from 'Makefile', line 382):
	@SUF=$(LAB); \
	git archive --format=tar HEAD > lab-$$SUF-handin.tar; \
	git diff $(UPSTREAM)/$(LAB) > /tmp/lab-$$SUF-diff.patch; \
	tar -rf lab-$$SUF-handin.tar /tmp/lab-$$SUF-diff.patch; \
	gzip -c lab-$$SUF-handin.tar > lab-$$SUF-handin.tar.gz; \
	rm lab-$$SUF-handin.tar; \
	rm /tmp/lab-$$SUF-diff.patch; \


user/bcachetest.o: user/bcachetest.c kernel/fcntl.h kernel/param.h kernel/types.h kernel/stat.h kernel/riscv.h kernel/fs.h user/user.h
#  Implicit rule search has not been done.
#  Modification time never checked.
#  File has not been updated.

# Not a target:
kernel/sleeplock.c:
#  Implicit rule search has not been done.
#  Modification time never checked.
#  File has not been updated.

# makefile (from 'Makefile', line 127)
kernel/pci.o: EXTRAFLAG := 
# Not a target:
kernel/pci.o:
#  Implicit rule search has not been done.
#  Modification time never checked.
#  File has not been updated.
# variable set hash-table stats:
# Load=1/32=3%, Rehash=0, Collisions=0/2=0%

# Not a target:
user/_zombie:
#  Implicit rule search has not been done.
#  Modification time never checked.
#  File has not been updated.

# Not a target:
user/rm.c:
 
#  Implicit rule search has not been done.
#  Modification time never checked.
#  File has not been updated.

# Not a target:
user/grind.d:
#  Implicit rule search has been done.
#  Last modified 2022-08-04 16:23:20.678497144
#  File has been updated.
#  Successfully updated.

# makefile (from 'Makefile', line 127)
kernel/virtio_disk.o: EXTRAFLAG := 
kernel/virtio_disk.o: kernel/virtio_disk.c kernel/types.h kernel/riscv.h kernel/defs.h kernel/param.h kernel/memlayout.h kernel/spinlock.h kernel/sleeplock.h kernel/fs.h kernel/buf.h kernel/virtio.h
#  Implicit rule search has not been done.
#  Modification time never checked.
#  File has not been updated.
# variable set hash-table stats:
# Load=1/32=3%, Rehash=0, Collisions=0/2=0%

# Not a target:
user/ln.d:
#  Implicit rule search has been done.
#  Last modified 2022-08-04 16:23:19.786497177
#  File has been updated.
#  Successfully updated.

# Not a target:
kernel/fs.d:
#  Implicit rule search has been done.
#  Last modified 2022-08-04 16:25:28.726492451
#  File has been updated.
#  Successfully updated.

kernel/printf.o: kernel/printf.c /usr/lib/gcc-cross/riscv64-linux-gnu/9/include/stdarg.h kernel/types.h kernel/param.h kernel/spinlock.h kernel/sleeplock.h kernel/fs.h kernel/file.h kernel/memlayout.h kernel/riscv.h kernel/defs.h kernel/proc.h
#  Implicit rule search has not been done.
#  Modification time never checked.
#  File has not been updated.

# Not a target:
kernel/defs.h:
#  Implicit rule search has not been done.
#  Modification time never checked.
#  File has not been updated.

user/usertests.o: user/usertests.c kernel/param.h kernel/types.h kernel/stat.h user/user.h kernel/fs.h kernel/fcntl.h kernel/syscall.h kernel/memlayout.h kernel/riscv.h
#  Implicit rule search has not been done.
#  Modification time never checked.
#  File has not been updated.

# Not a target:
user/printf.d:
#  Implicit rule search has been done.
#  Last modified 2022-08-04 16:23:19.41849719
#  File has been updated.
#  Successfully updated.

# Not a target:
kernel/date.h:
#  Implicit rule search has not been done.
#  Modification time never checked.
#  File has not been updated.

# Not a target:
user/stats.c:
#  Implicit rule search has not been done.
#  Modification time never checked.
#  File has not been updated.

# Not a target:
user/_usertests:
#  Implicit rule search has not been done.
#  Modification time never checked.
#  File has not been updated.

# Not a target:
user/zombie.c:
#  Implicit rule search has not been done.
#  Modification time never checked.
#  File has not been updated.

# makefile (from 'Makefile', line 127)
kernel/trap.o: EXTRAFLAG := 
kernel/trap.o: kernel/trap.c kernel/types.h kernel/param.h kernel/memlayout.h kernel/riscv.h kernel/spinlock.h kernel/proc.h kernel/defs.h
#  Implicit rule search has not been done.
#  Modification time never checked.
#  File has not been updated.
# variable set hash-table stats:
# Load=1/32=3%, Rehash=0, Collisions=0/2=0%

myapi.key:
#  Implicit rule search has not been done.
#  Modification time never checked.
#  File has not been updated.
#  recipe to execute (from 'Makefile', line 391):
	@echo Get an API key for yourself by visiting $(WEBSUB)/
	@read -p "Please enter your API key: " k; \
	if test `echo "$$k" |tr -d '\n' |wc -c` = 32 ; then \
		TF=`mktemp -t tmp.XXXXXX`; \
		if test "x$$TF" != "x" ; then \
			echo "$$k" |tr -d '\n' > $$TF; \
			mv -f $$TF $@; \
		else \
			echo mktemp failed; \
			false; \
		fi; \
	else \
		echo Bad API key: $$k; \
		echo An API key should be 32 characters long.; \
		false; \
	fi;

# Not a target:
user/cat.d:
#  Implicit rule search has been done.
#  Last modified 2022-08-04 16:23:19.290497195
#  File has been updated.
#  Successfully updated.

# Not a target:
user/mkdir.d:
#  Implicit rule search has been done.
#  Last modified 2022-08-04 16:23:19.882497173
#  File has been updated.
#  Successfully updated.
 

# Not a target:
user/_wc:
#  Implicit rule search has not been done.
#  Modification time never checked.
#  File has not been updated.

# Not a target:
kernel/stats.d:
#  Implicit rule search has been done.
#  Last modified 2022-08-04 16:25:29.214492433
#  File has been updated.
#  Successfully updated.

# Not a target:
kernel/sysproc.d:
#  Implicit rule search has been done.
#  Last modified 2022-08-04 16:25:28.542492458
#  File has been updated.
#  Successfully updated.

# Not a target:
user/printf.c:
#  Implicit rule search has not been done.
#  Modification time never checked.
#  File has not been updated.

# Not a target:
kernel/bio.c:
#  Implicit rule search has not been done.
#  Modification time never checked.
#  File has not been updated.

user/wc.o: user/wc.c kernel/types.h kernel/stat.h user/user.h
#  Implicit rule search has not been done.
#  Modification time never checked.
#  File has not been updated.

user/stats.o: user/stats.c kernel/types.h kernel/stat.h kernel/fcntl.h user/user.h
#  Implicit rule search has not been done.
#  Modification time never checked.
#  File has not been updated.

kernel/start.o: kernel/start.c kernel/types.h kernel/param.h kernel/memlayout.h kernel/riscv.h kernel/defs.h
#  Implicit rule search has not been done.
#  Modification time never checked.
#  File has not been updated.

# Not a target:
user/sh.d:
#  Implicit rule search has been done.
#  Last modified 2022-08-04 16:23:20.026497168
#  File has been updated.
#  Successfully updated.

user/usys.o: user/usys.S user/usys.S kernel/syscall.h
#  Implicit rule search has not been done.
#  Modification time never checked.
#  File has not been updated.
#  recipe to execute (from 'Makefile', line 157):
	$(CC) $(CFLAGS) -c -o $U/usys.o $U/usys.S

# Not a target:
kernel/vm.c:
#  Implicit rule search has not been done.
#  Modification time never checked.
#  File has not been updated.

user/kalloctest.o: user/kalloctest.c kernel/param.h kernel/types.h kernel/stat.h kernel/riscv.h kernel/memlayout.h kernel/fcntl.h user/user.h
#  Implicit rule search has not been done.
#  Modification time never checked.
#  File has not been updated.

# Not a target:
/usr/lib/gcc-cross/riscv64-linux-gnu/9/include/stdarg.h:
#  Implicit rule search has not been done.
#  Modification time never checked.
#  File has not been updated.

# Not a target:
kernel/uart.d:
#  Implicit rule search has been done.
#  Last modified 2022-08-04 16:25:29.442492425
#  File has been updated.
#  Successfully updated.

ping:
#  Implicit rule search has not been done.
#  Modification time never checked.
#  File has not been updated.
#  recipe to execute (from 'Makefile', line 319):
	python3 ping.py $(FWDPORT)

user/ls.o: user/ls.c kernel/types.h kernel/stat.h user/user.h kernel/fs.h
#  Implicit rule search has not been done.
#  Modification time never checked.
#  File has not been updated.

# Not a target:
kernel/sleeplock.d:
#  Implicit rule search has been done.
#  Last modified 2022-08-04 16:25:28.826492448
#  File has been updated.
#  Successfully updated.

# Not a target:
 
user/stressfs.c:
#  Implicit rule search has not been done.
#  Modification time never checked.
#  File has not been updated.

# Not a target:
user/_ls:
#  Implicit rule search has not been done.
#  Modification time never checked.
#  File has not been updated.

# Not a target:
user/init.d:
#  Implicit rule search has been done.
#  Last modified 2022-08-04 16:23:19.70249718
#  File has been updated.
#  Successfully updated.

# Not a target:
kernel/sysproc.c:
#  Implicit rule search has not been done.
#  Modification time never checked.
#  File has not been updated.

user/stressfs.o: user/stressfs.c kernel/types.h kernel/stat.h user/user.h kernel/fs.h kernel/fcntl.h
#  Implicit rule search has not been done.
#  Modification time never checked.
#  File has not been updated.

# Not a target:
kernel/riscv.h:
#  Implicit rule search has not been done.
#  Modification time never checked.
#  File has not been updated.

# Not a target:
user/user.h:
#  Implicit rule search has not been done.
#  Modification time never checked.
#  File has not been updated.

# Not a target:
kernel/kalloc.c:
#  Implicit rule search has not been done.
#  Modification time never checked.
#  File has not been updated.

# Not a target:
kernel/sprintf.d:
#  Implicit rule search has been done.
#  Last modified 2022-08-04 16:25:29.262492432
#  File has been updated.
#  Successfully updated.

# Not a target:
user/usys.pl:
#  Implicit rule search has not been done.
#  Modification time never checked.
#  File has not been updated.

kernel/console.o: kernel/console.c /usr/lib/gcc-cross/riscv64-linux-gnu/9/include/stdarg.h kernel/types.h kernel/param.h kernel/spinlock.h kernel/sleeplock.h kernel/fs.h kernel/file.h kernel/memlayout.h kernel/riscv.h kernel/defs.h kernel/proc.h
#  Implicit rule search has not been done.
#  Modification time never checked.
#  File has not been updated.

user/ulib.o: user/ulib.c kernel/types.h kernel/stat.h kernel/fcntl.h user/user.h
#  Implicit rule search has not been done.
#  Modification time never checked.
#  File has not been updated.

# Not a target:
kernel/syscall.d:
#  Implicit rule search has been done.
#  Last modified 2022-08-04 16:25:28.49849246
#  File has been updated.
#  Successfully updated.

# Not a target:
user/rm.d:
#  Implicit rule search has been done.
#  Last modified 2022-08-04 16:23:19.926497172
#  File has been updated.
#  Successfully updated.

# Not a target:
kernel/virtio.h:
#  Implicit rule search has not been done.
#  Modification time never checked.
#  File has not been updated.

user/initcode: user/initcode.S
#  Implicit rule search has not been done.
#  Modification time never checked.
#  File has not been updated.
#  recipe to execute (from 'Makefile', line 134):
	$(CC) $(CFLAGS) -march=rv64g -nostdinc -I. -Ikernel -c $U/initcode.S -o $U/initcode.o
	$(LD) $(LDFLAGS) -N -e start -Ttext 0 -o $U/initcode.out $U/initcode.o
	$(OBJCOPY) -S -O binary $U/initcode.out $U/initcode
	$(OBJDUMP) -S $U/initcode.o > $U/initcode.asm

user/initcode.o: user/initcode.S kernel/syscall.h
#  Implicit rule search has not been done.
#  Modification time never checked.
#  File has not been updated.

# Not a target:
kernel/types.h:
#  Implicit rule search has not been done.
#  Modification time never checked.
#  File has not been updated.

# makefile (from 'Makefile', line 127)
kernel/entry.o: EXTRAFLAG := 
# Not a target:
 
kernel/entry.o:
#  Implicit rule search has not been done.
#  Modification time never checked.
#  File has not been updated.
# variable set hash-table stats:
# Load=1/32=3%, Rehash=0, Collisions=0/2=0%

# Not a target:
kernel/vm.d:
#  Implicit rule search has been done.
#  Last modified 2022-08-04 16:25:28.286492467
#  File has been updated.
#  Successfully updated.

# makefile (from 'Makefile', line 127)
kernel/pipe.o: EXTRAFLAG := 
kernel/pipe.o: kernel/pipe.c kernel/types.h kernel/riscv.h kernel/defs.h kernel/param.h kernel/spinlock.h kernel/proc.h kernel/fs.h kernel/sleeplock.h kernel/file.h
#  Implicit rule search has not been done.
#  Modification time never checked.
#  File has not been updated.
# variable set hash-table stats:
# Load=1/32=3%, Rehash=0, Collisions=0/2=0%

# Not a target:
kernel/file.c:
#  Implicit rule search has not been done.
#  Modification time never checked.
#  File has not been updated.

user/grep.o: user/grep.c kernel/types.h kernel/stat.h user/user.h
#  Implicit rule search has not been done.
#  Modification time never checked.
#  File has not been updated.

# Not a target:
user/_grep:
#  Implicit rule search has not been done.
#  Modification time never checked.
#  File has not been updated.

# Not a target:
user/_nettests:
#  Implicit rule search has not been done.
#  Modification time never checked.
#  File has not been updated.

user/zombie.o: user/zombie.c kernel/types.h kernel/stat.h user/user.h
#  Implicit rule search has not been done.
#  Modification time never checked.
#  File has not been updated.

# Not a target:
user/forktest.d:
#  Implicit rule search has been done.
#  Last modified 2022-08-04 16:23:19.602497184
#  File has been updated.
#  Successfully updated.

# Not a target:
kernel/spinlock.c:
#  Implicit rule search has not been done.
#  Modification time never checked.
#  File has not been updated.

# Not a target:
kernel/proc.c:
#  Implicit rule search has not been done.
#  Modification time never checked.
#  File has not been updated.

# Not a target:
user/echo.d:
#  Implicit rule search has been done.
#  Last modified 2022-08-04 16:23:19.542497186
#  File has been updated.
#  Successfully updated.

# Not a target:
user/usertests.d:
#  Implicit rule search has been done.
#  Last modified 2022-08-04 16:23:20.486497151
#  File has been updated.
#  Successfully updated.

# Not a target:
user/_grind:
#  Implicit rule search has not been done.
#  Modification time never checked.
#  File has not been updated.

# makefile (from 'Makefile', line 127)
kernel/main.o: EXTRAFLAG := 
kernel/main.o: kernel/main.c kernel/types.h kernel/param.h kernel/memlayout.h kernel/riscv.h kernel/defs.h
#  Implicit rule search has not been done.
#  Modification time never checked.
#  File has not been updated.
# variable set hash-table stats:
# Load=1/32=3%, Rehash=0, Collisions=0/2=0%

# Not a target:
 
kernel/string.c:
#  Implicit rule search has not been done.
#  Modification time never checked.
#  File has not been updated.

# files hash-table stats:
# Load=229/1024=22%, Rehash=0, Collisions=78/813=10%
# VPATH Search Paths

# No 'vpath' search paths.

# No general ('VPATH' variable) search path.

# strcache buffers: 1 (0) / strings = 500 / storage = 5501 B / avg = 11 B
# current buf: size = 8162 B / used = 5501 B / count = 500 / avg = 11 B

# strcache performance: lookups = 1043 / hit rate = 52%
# hash-table stats:
# Load=500/8192=6%, Rehash=0, Collisions=48/1043=5%
# Finished Make data base on Wed Aug 10 06:34:41 2022

 
